mode: atomic
eduhub/server/main.go:32.13,35.16 2 0
eduhub/server/main.go:35.16,38.3 1 0
eduhub/server/main.go:41.2,45.16 3 0
eduhub/server/main.go:45.16,48.3 1 0
eduhub/server/main.go:50.2,50.43 1 0
eduhub/server/api/app/app.go:23.17,25.16 2 0
eduhub/server/api/app/app.go:25.16,26.13 1 0
eduhub/server/api/app/app.go:30.2,42.3 4 0
eduhub/server/api/app/app.go:45.29,56.2 5 0
eduhub/server/docs/docs.go:99.13,101.2 1 0
eduhub/server/api/handler/attendance_handler.go:16.87,20.2 1 0
eduhub/server/api/handler/attendance_handler.go:22.66,26.16 3 0
eduhub/server/api/handler/attendance_handler.go:26.16,28.3 1 0
eduhub/server/api/handler/attendance_handler.go:30.2,31.16 2 0
eduhub/server/api/handler/attendance_handler.go:31.16,33.3 1 0
eduhub/server/api/handler/attendance_handler.go:34.2,35.16 2 0
eduhub/server/api/handler/attendance_handler.go:35.16,37.3 1 0
eduhub/server/api/handler/attendance_handler.go:38.2,39.16 2 0
eduhub/server/api/handler/attendance_handler.go:39.16,41.3 1 0
eduhub/server/api/handler/attendance_handler.go:42.2,42.40 1 0
eduhub/server/api/handler/attendance_handler.go:45.66,49.16 3 0
eduhub/server/api/handler/attendance_handler.go:49.16,51.3 1 0
eduhub/server/api/handler/attendance_handler.go:53.2,54.16 2 0
eduhub/server/api/handler/attendance_handler.go:54.16,56.3 1 0
eduhub/server/api/handler/attendance_handler.go:58.2,59.16 2 0
eduhub/server/api/handler/attendance_handler.go:59.16,61.3 1 0
eduhub/server/api/handler/attendance_handler.go:62.2,63.16 2 0
eduhub/server/api/handler/attendance_handler.go:63.16,65.3 1 0
eduhub/server/api/handler/attendance_handler.go:67.2,68.16 2 0
eduhub/server/api/handler/attendance_handler.go:68.16,70.3 1 0
eduhub/server/api/handler/attendance_handler.go:72.2,72.9 1 0
eduhub/server/api/handler/attendance_handler.go:72.9,74.3 1 0
eduhub/server/api/handler/attendance_handler.go:76.2,76.63 1 0
eduhub/server/api/handler/attendance_handler.go:79.73,83.16 3 0
eduhub/server/api/handler/attendance_handler.go:83.16,85.3 1 0
eduhub/server/api/handler/attendance_handler.go:87.2,88.16 2 0
eduhub/server/api/handler/attendance_handler.go:88.16,90.3 1 0
eduhub/server/api/handler/attendance_handler.go:92.2,93.16 2 0
eduhub/server/api/handler/attendance_handler.go:93.16,95.3 1 0
eduhub/server/api/handler/attendance_handler.go:96.2,96.54 1 0
eduhub/server/api/handler/attendance_handler.go:100.75,105.16 4 0
eduhub/server/api/handler/attendance_handler.go:105.16,107.3 1 0
eduhub/server/api/handler/attendance_handler.go:109.2,110.16 2 0
eduhub/server/api/handler/attendance_handler.go:110.16,112.3 1 0
eduhub/server/api/handler/attendance_handler.go:113.2,113.54 1 0
eduhub/server/api/handler/attendance_handler.go:116.83,120.16 3 0
eduhub/server/api/handler/attendance_handler.go:120.16,122.3 1 0
eduhub/server/api/handler/attendance_handler.go:123.2,124.16 2 0
eduhub/server/api/handler/attendance_handler.go:124.16,126.3 1 0
eduhub/server/api/handler/attendance_handler.go:128.2,129.16 2 0
eduhub/server/api/handler/attendance_handler.go:129.16,131.3 1 0
eduhub/server/api/handler/attendance_handler.go:133.2,134.16 2 0
eduhub/server/api/handler/attendance_handler.go:134.16,136.3 1 0
eduhub/server/api/handler/attendance_handler.go:137.2,137.44 1 0
eduhub/server/api/handler/auth.go:17.64,21.2 1 0
eduhub/server/api/handler/auth.go:24.66,26.16 2 0
eduhub/server/api/handler/auth.go:26.16,30.3 1 0
eduhub/server/api/handler/auth.go:31.2,31.36 1 0
eduhub/server/api/handler/auth.go:35.64,37.18 2 0
eduhub/server/api/handler/auth.go:37.18,39.3 1 0
eduhub/server/api/handler/auth.go:41.2,42.37 2 0
eduhub/server/api/handler/auth.go:42.37,44.3 1 0
eduhub/server/api/handler/auth.go:46.2,47.16 2 0
eduhub/server/api/handler/auth.go:47.16,49.3 1 0
eduhub/server/api/handler/auth.go:51.2,51.52 1 0
eduhub/server/api/handler/auth.go:55.57,59.2 2 0
eduhub/server/api/handler/auth.go:62.60,64.24 2 0
eduhub/server/api/handler/auth.go:64.24,66.3 1 0
eduhub/server/api/handler/auth.go:68.2,69.16 2 0
eduhub/server/api/handler/auth.go:69.16,71.3 1 0
eduhub/server/api/handler/auth.go:73.2,73.52 1 0
eduhub/server/api/handler/handlers.go:18.57,25.2 1 0
eduhub/server/api/handler/router.go:10.75,17.44 2 0
eduhub/server/api/handler/router.go:17.44,19.3 1 0
eduhub/server/api/handler/router.go:20.2,106.28 13 0
eduhub/server/internal/helpers/error.go:12.57,17.2 1 0
eduhub/server/internal/helpers/extractCollegeID.go:5.52,8.9 3 0
eduhub/server/internal/helpers/extractCollegeID.go:8.9,10.3 1 0
eduhub/server/internal/helpers/extractCollegeID.go:12.2,12.26 1 0
eduhub/server/internal/helpers/extractStudentID.go:9.52,12.9 3 0
eduhub/server/internal/helpers/extractStudentID.go:12.9,14.3 1 0
eduhub/server/internal/helpers/extractStudentID.go:15.2,15.26 1 0
eduhub/server/internal/helpers/extractStudentID.go:18.68,20.17 2 0
eduhub/server/internal/helpers/extractStudentID.go:20.17,22.3 1 0
eduhub/server/internal/helpers/extractStudentID.go:23.2,24.27 2 0
eduhub/server/internal/helpers/extractStudentID.go:24.27,26.3 1 0
eduhub/server/internal/helpers/extractStudentID.go:27.2,27.16 1 0
eduhub/server/internal/helpers/notFound.go:14.67,19.2 1 0
eduhub/server/internal/helpers/role.go:9.50,11.9 2 0
eduhub/server/internal/helpers/role.go:11.9,13.3 1 0
eduhub/server/internal/helpers/role.go:14.2,14.34 1 0
eduhub/server/internal/helpers/success.go:14.58,19.2 1 0
eduhub/server/internal/middleware/auth.go:39.105,44.2 1 0
eduhub/server/internal/middleware/auth.go:49.82,50.36 1 0
eduhub/server/internal/middleware/auth.go:50.36,52.25 2 0
eduhub/server/internal/middleware/auth.go:52.25,56.4 1 0
eduhub/server/internal/middleware/auth.go:58.3,59.17 2 0
eduhub/server/internal/middleware/auth.go:59.17,63.4 1 0
eduhub/server/internal/middleware/auth.go:66.3,67.17 2 0
eduhub/server/internal/middleware/auth.go:74.81,75.36 1 0
eduhub/server/internal/middleware/auth.go:75.36,77.10 2 0
eduhub/server/internal/middleware/auth.go:77.10,81.4 1 0
eduhub/server/internal/middleware/auth.go:82.3,85.17 3 0
eduhub/server/internal/middleware/auth.go:89.85,90.36 1 0
eduhub/server/internal/middleware/auth.go:90.36,92.29 2 0
eduhub/server/internal/middleware/auth.go:92.29,94.4 1 0
eduhub/server/internal/middleware/auth.go:95.3,97.42 3 0
eduhub/server/internal/middleware/auth.go:97.42,101.18 2 0
eduhub/server/internal/middleware/auth.go:101.18,103.5 1 0
eduhub/server/internal/middleware/auth.go:104.4,104.22 1 0
eduhub/server/internal/middleware/auth.go:104.22,106.5 1 0
eduhub/server/internal/middleware/auth.go:107.4,107.25 1 0
eduhub/server/internal/middleware/auth.go:107.25,109.5 1 0
eduhub/server/internal/middleware/auth.go:110.4,110.49 1 0
eduhub/server/internal/middleware/auth.go:112.3,112.17 1 0
eduhub/server/internal/middleware/auth.go:116.75,117.54 1 0
eduhub/server/internal/middleware/auth.go:117.54,118.37 1 0
eduhub/server/internal/middleware/auth.go:118.37,120.11 2 0
eduhub/server/internal/middleware/auth.go:120.11,124.5 1 0
eduhub/server/internal/middleware/auth.go:126.4,126.31 1 0
eduhub/server/internal/middleware/auth.go:126.31,127.46 1 0
eduhub/server/internal/middleware/auth.go:127.46,129.6 1 0
eduhub/server/internal/middleware/auth.go:132.4,134.6 1 0
eduhub/server/internal/middleware/auth.go:139.98,140.54 1 0
eduhub/server/internal/middleware/auth.go:140.54,141.37 1 0
eduhub/server/internal/middleware/auth.go:141.37,143.11 2 0
eduhub/server/internal/middleware/auth.go:143.11,147.5 1 0
eduhub/server/internal/middleware/auth.go:148.4,149.18 2 0
eduhub/server/internal/middleware/auth.go:149.18,153.5 1 0
eduhub/server/internal/middleware/auth.go:154.4,154.16 1 0
eduhub/server/internal/middleware/auth.go:154.16,158.5 1 0
eduhub/server/internal/middleware/auth.go:159.4,159.18 1 0
eduhub/server/internal/middleware/auth.go:165.89,166.36 1 0
eduhub/server/internal/middleware/auth.go:166.36,168.29 2 0
eduhub/server/internal/middleware/auth.go:168.29,170.4 1 0
eduhub/server/internal/middleware/auth.go:173.3,174.36 2 0
eduhub/server/internal/middleware/auth.go:174.36,176.4 1 0
eduhub/server/internal/middleware/auth.go:179.3,180.17 2 0
eduhub/server/internal/middleware/auth.go:180.17,182.4 1 0
eduhub/server/internal/middleware/auth.go:185.3,185.57 1 0
eduhub/server/internal/middleware/auth.go:185.57,188.30 2 0
eduhub/server/internal/middleware/auth.go:188.30,190.5 1 0
eduhub/server/internal/middleware/auth.go:193.3,193.17 1 0
eduhub/server/internal/middleware/middleware.go:12.61,19.2 3 0
eduhub/server/internal/services/services.go:20.48,35.2 7 0
eduhub/server/internal/repository/mocks/AttendanceRepository.go:18.107,21.19 2 0
eduhub/server/internal/repository/mocks/AttendanceRepository.go:21.19,22.58 1 0
eduhub/server/internal/repository/mocks/AttendanceRepository.go:25.2,26.70 2 0
eduhub/server/internal/repository/mocks/AttendanceRepository.go:26.70,28.3 1 0
eduhub/server/internal/repository/mocks/AttendanceRepository.go:28.8,30.3 1 0
eduhub/server/internal/repository/mocks/AttendanceRepository.go:32.2,32.11 1 0
eduhub/server/internal/repository/mocks/AttendanceRepository.go:36.135,39.19 2 0
eduhub/server/internal/repository/mocks/AttendanceRepository.go:39.19,40.63 1 0
eduhub/server/internal/repository/mocks/AttendanceRepository.go:43.2,45.94 3 0
eduhub/server/internal/repository/mocks/AttendanceRepository.go:45.94,47.3 1 0
eduhub/server/internal/repository/mocks/AttendanceRepository.go:48.2,48.85 1 0
eduhub/server/internal/repository/mocks/AttendanceRepository.go:48.85,50.3 1 0
eduhub/server/internal/repository/mocks/AttendanceRepository.go:50.8,51.24 1 0
eduhub/server/internal/repository/mocks/AttendanceRepository.go:51.24,53.4 1 0
eduhub/server/internal/repository/mocks/AttendanceRepository.go:56.2,56.70 1 0
eduhub/server/internal/repository/mocks/AttendanceRepository.go:56.70,58.3 1 0
eduhub/server/internal/repository/mocks/AttendanceRepository.go:58.8,60.3 1 0
eduhub/server/internal/repository/mocks/AttendanceRepository.go:62.2,62.15 1 0
eduhub/server/internal/repository/mocks/AttendanceRepository.go:66.151,69.19 2 0
eduhub/server/internal/repository/mocks/AttendanceRepository.go:69.19,70.64 1 0
eduhub/server/internal/repository/mocks/AttendanceRepository.go:73.2,75.99 3 0
eduhub/server/internal/repository/mocks/AttendanceRepository.go:75.99,77.3 1 0
eduhub/server/internal/repository/mocks/AttendanceRepository.go:78.2,78.90 1 0
eduhub/server/internal/repository/mocks/AttendanceRepository.go:78.90,80.3 1 0
eduhub/server/internal/repository/mocks/AttendanceRepository.go:80.8,81.24 1 0
eduhub/server/internal/repository/mocks/AttendanceRepository.go:81.24,83.4 1 0
eduhub/server/internal/repository/mocks/AttendanceRepository.go:86.2,86.75 1 0
eduhub/server/internal/repository/mocks/AttendanceRepository.go:86.75,88.3 1 0
eduhub/server/internal/repository/mocks/AttendanceRepository.go:88.8,90.3 1 0
eduhub/server/internal/repository/mocks/AttendanceRepository.go:92.2,92.15 1 0
eduhub/server/internal/repository/mocks/AttendanceRepository.go:96.135,99.19 2 0
eduhub/server/internal/repository/mocks/AttendanceRepository.go:99.19,100.62 1 0
eduhub/server/internal/repository/mocks/AttendanceRepository.go:103.2,105.94 3 0
eduhub/server/internal/repository/mocks/AttendanceRepository.go:105.94,107.3 1 0
eduhub/server/internal/repository/mocks/AttendanceRepository.go:108.2,108.85 1 0
eduhub/server/internal/repository/mocks/AttendanceRepository.go:108.85,110.3 1 0
eduhub/server/internal/repository/mocks/AttendanceRepository.go:110.8,111.24 1 0
eduhub/server/internal/repository/mocks/AttendanceRepository.go:111.24,113.4 1 0
eduhub/server/internal/repository/mocks/AttendanceRepository.go:116.2,116.70 1 0
eduhub/server/internal/repository/mocks/AttendanceRepository.go:116.70,118.3 1 0
eduhub/server/internal/repository/mocks/AttendanceRepository.go:118.8,120.3 1 0
eduhub/server/internal/repository/mocks/AttendanceRepository.go:122.2,122.15 1 0
eduhub/server/internal/repository/mocks/AttendanceRepository.go:126.157,129.19 2 0
eduhub/server/internal/repository/mocks/AttendanceRepository.go:129.19,130.70 1 0
eduhub/server/internal/repository/mocks/AttendanceRepository.go:133.2,135.99 3 0
eduhub/server/internal/repository/mocks/AttendanceRepository.go:135.99,137.3 1 0
eduhub/server/internal/repository/mocks/AttendanceRepository.go:138.2,138.90 1 0
eduhub/server/internal/repository/mocks/AttendanceRepository.go:138.90,140.3 1 0
eduhub/server/internal/repository/mocks/AttendanceRepository.go:140.8,141.24 1 0
eduhub/server/internal/repository/mocks/AttendanceRepository.go:141.24,143.4 1 0
eduhub/server/internal/repository/mocks/AttendanceRepository.go:146.2,146.75 1 0
eduhub/server/internal/repository/mocks/AttendanceRepository.go:146.75,148.3 1 0
eduhub/server/internal/repository/mocks/AttendanceRepository.go:148.8,150.3 1 0
eduhub/server/internal/repository/mocks/AttendanceRepository.go:152.2,152.15 1 0
eduhub/server/internal/repository/mocks/AttendanceRepository.go:156.142,159.19 2 0
eduhub/server/internal/repository/mocks/AttendanceRepository.go:159.19,160.56 1 0
eduhub/server/internal/repository/mocks/AttendanceRepository.go:163.2,165.88 3 0
eduhub/server/internal/repository/mocks/AttendanceRepository.go:165.88,167.3 1 0
eduhub/server/internal/repository/mocks/AttendanceRepository.go:168.2,168.79 1 0
eduhub/server/internal/repository/mocks/AttendanceRepository.go:168.79,170.3 1 0
eduhub/server/internal/repository/mocks/AttendanceRepository.go:170.8,172.3 1 0
eduhub/server/internal/repository/mocks/AttendanceRepository.go:174.2,174.80 1 0
eduhub/server/internal/repository/mocks/AttendanceRepository.go:174.80,176.3 1 0
eduhub/server/internal/repository/mocks/AttendanceRepository.go:176.8,178.3 1 0
eduhub/server/internal/repository/mocks/AttendanceRepository.go:180.2,180.15 1 0
eduhub/server/internal/repository/mocks/AttendanceRepository.go:184.151,187.19 2 0
eduhub/server/internal/repository/mocks/AttendanceRepository.go:187.19,188.58 1 0
eduhub/server/internal/repository/mocks/AttendanceRepository.go:191.2,192.88 2 0
eduhub/server/internal/repository/mocks/AttendanceRepository.go:192.88,194.3 1 0
eduhub/server/internal/repository/mocks/AttendanceRepository.go:194.8,196.3 1 0
eduhub/server/internal/repository/mocks/AttendanceRepository.go:198.2,198.11 1 0
eduhub/server/internal/repository/mocks/AttendanceRepository.go:206.26,210.19 3 0
eduhub/server/internal/repository/mocks/AttendanceRepository.go:210.19,210.49 1 0
eduhub/server/internal/repository/mocks/AttendanceRepository.go:212.2,212.13 1 0
eduhub/server/internal/repository/mocks/CourseRepository.go:18.92,21.19 2 0
eduhub/server/internal/repository/mocks/CourseRepository.go:21.19,22.54 1 0
eduhub/server/internal/repository/mocks/CourseRepository.go:25.2,26.76 2 0
eduhub/server/internal/repository/mocks/CourseRepository.go:26.76,28.3 1 0
eduhub/server/internal/repository/mocks/CourseRepository.go:28.8,30.3 1 0
eduhub/server/internal/repository/mocks/CourseRepository.go:32.2,32.11 1 0
eduhub/server/internal/repository/mocks/CourseRepository.go:36.103,39.19 2 0
eduhub/server/internal/repository/mocks/CourseRepository.go:39.19,40.56 1 0
eduhub/server/internal/repository/mocks/CourseRepository.go:43.2,45.83 3 0
eduhub/server/internal/repository/mocks/CourseRepository.go:45.83,47.3 1 0
eduhub/server/internal/repository/mocks/CourseRepository.go:48.2,48.74 1 0
eduhub/server/internal/repository/mocks/CourseRepository.go:48.74,50.3 1 0
eduhub/server/internal/repository/mocks/CourseRepository.go:50.8,51.24 1 0
eduhub/server/internal/repository/mocks/CourseRepository.go:51.24,53.4 1 0
eduhub/server/internal/repository/mocks/CourseRepository.go:56.2,56.65 1 0
eduhub/server/internal/repository/mocks/CourseRepository.go:56.65,58.3 1 0
eduhub/server/internal/repository/mocks/CourseRepository.go:58.8,60.3 1 0
eduhub/server/internal/repository/mocks/CourseRepository.go:62.2,62.15 1 0
eduhub/server/internal/repository/mocks/CourseRepository.go:70.22,74.19 3 0
eduhub/server/internal/repository/mocks/CourseRepository.go:74.19,74.49 1 0
eduhub/server/internal/repository/mocks/CourseRepository.go:76.2,76.13 1 0
eduhub/server/internal/repository/mocks/EnrollmentRepository.go:18.108,21.19 2 0
eduhub/server/internal/repository/mocks/EnrollmentRepository.go:21.19,22.58 1 0
eduhub/server/internal/repository/mocks/EnrollmentRepository.go:25.2,26.80 2 0
eduhub/server/internal/repository/mocks/EnrollmentRepository.go:26.80,28.3 1 0
eduhub/server/internal/repository/mocks/EnrollmentRepository.go:28.8,30.3 1 0
eduhub/server/internal/repository/mocks/EnrollmentRepository.go:32.2,32.11 1 0
eduhub/server/internal/repository/mocks/EnrollmentRepository.go:36.130,39.19 2 0
eduhub/server/internal/repository/mocks/EnrollmentRepository.go:39.19,40.59 1 0
eduhub/server/internal/repository/mocks/EnrollmentRepository.go:43.2,45.83 3 0
eduhub/server/internal/repository/mocks/EnrollmentRepository.go:45.83,47.3 1 0
eduhub/server/internal/repository/mocks/EnrollmentRepository.go:48.2,48.74 1 0
eduhub/server/internal/repository/mocks/EnrollmentRepository.go:48.74,50.3 1 0
eduhub/server/internal/repository/mocks/EnrollmentRepository.go:50.8,52.3 1 0
eduhub/server/internal/repository/mocks/EnrollmentRepository.go:54.2,54.75 1 0
eduhub/server/internal/repository/mocks/EnrollmentRepository.go:54.75,56.3 1 0
eduhub/server/internal/repository/mocks/EnrollmentRepository.go:56.8,58.3 1 0
eduhub/server/internal/repository/mocks/EnrollmentRepository.go:60.2,60.15 1 0
eduhub/server/internal/repository/mocks/EnrollmentRepository.go:68.26,72.19 3 0
eduhub/server/internal/repository/mocks/EnrollmentRepository.go:72.19,72.49 1 0
eduhub/server/internal/repository/mocks/EnrollmentRepository.go:74.2,74.13 1 0
eduhub/server/internal/repository/mocks/PoolIface.go:20.30,22.2 1 0
eduhub/server/internal/repository/mocks/PoolIface.go:25.108,31.19 5 0
eduhub/server/internal/repository/mocks/PoolIface.go:31.19,32.46 1 0
eduhub/server/internal/repository/mocks/PoolIface.go:35.2,37.105 3 0
eduhub/server/internal/repository/mocks/PoolIface.go:37.105,39.3 1 0
eduhub/server/internal/repository/mocks/PoolIface.go:40.2,40.96 1 0
eduhub/server/internal/repository/mocks/PoolIface.go:40.96,42.3 1 0
eduhub/server/internal/repository/mocks/PoolIface.go:42.8,43.24 1 0
eduhub/server/internal/repository/mocks/PoolIface.go:43.24,45.4 1 0
eduhub/server/internal/repository/mocks/PoolIface.go:48.2,48.84 1 0
eduhub/server/internal/repository/mocks/PoolIface.go:48.84,50.3 1 0
eduhub/server/internal/repository/mocks/PoolIface.go:50.8,52.3 1 0
eduhub/server/internal/repository/mocks/PoolIface.go:54.2,54.15 1 0
eduhub/server/internal/repository/mocks/PoolIface.go:58.100,64.19 5 0
eduhub/server/internal/repository/mocks/PoolIface.go:64.19,65.47 1 0
eduhub/server/internal/repository/mocks/PoolIface.go:68.2,70.96 3 0
eduhub/server/internal/repository/mocks/PoolIface.go:70.96,72.3 1 0
eduhub/server/internal/repository/mocks/PoolIface.go:73.2,73.87 1 0
eduhub/server/internal/repository/mocks/PoolIface.go:73.87,75.3 1 0
eduhub/server/internal/repository/mocks/PoolIface.go:75.8,76.24 1 0
eduhub/server/internal/repository/mocks/PoolIface.go:76.24,78.4 1 0
eduhub/server/internal/repository/mocks/PoolIface.go:81.2,81.84 1 0
eduhub/server/internal/repository/mocks/PoolIface.go:81.84,83.3 1 0
eduhub/server/internal/repository/mocks/PoolIface.go:83.8,85.3 1 0
eduhub/server/internal/repository/mocks/PoolIface.go:87.2,87.15 1 0
eduhub/server/internal/repository/mocks/PoolIface.go:91.93,97.19 5 0
eduhub/server/internal/repository/mocks/PoolIface.go:97.19,98.50 1 0
eduhub/server/internal/repository/mocks/PoolIface.go:101.2,102.86 2 0
eduhub/server/internal/repository/mocks/PoolIface.go:102.86,104.3 1 0
eduhub/server/internal/repository/mocks/PoolIface.go:104.8,105.24 1 0
eduhub/server/internal/repository/mocks/PoolIface.go:105.24,107.4 1 0
eduhub/server/internal/repository/mocks/PoolIface.go:110.2,110.11 1 0
eduhub/server/internal/repository/mocks/PoolIface.go:118.15,122.19 3 0
eduhub/server/internal/repository/mocks/PoolIface.go:122.19,122.49 1 0
eduhub/server/internal/repository/mocks/PoolIface.go:124.2,124.13 1 0
eduhub/server/internal/repository/mocks/StudentRepository.go:18.96,21.19 2 0
eduhub/server/internal/repository/mocks/StudentRepository.go:21.19,22.55 1 0
eduhub/server/internal/repository/mocks/StudentRepository.go:25.2,26.77 2 0
eduhub/server/internal/repository/mocks/StudentRepository.go:26.77,28.3 1 0
eduhub/server/internal/repository/mocks/StudentRepository.go:28.8,30.3 1 0
eduhub/server/internal/repository/mocks/StudentRepository.go:32.2,32.11 1 0
eduhub/server/internal/repository/mocks/StudentRepository.go:36.108,39.19 2 0
eduhub/server/internal/repository/mocks/StudentRepository.go:39.19,40.56 1 0
eduhub/server/internal/repository/mocks/StudentRepository.go:43.2,45.87 3 0
eduhub/server/internal/repository/mocks/StudentRepository.go:45.87,47.3 1 0
eduhub/server/internal/repository/mocks/StudentRepository.go:48.2,48.78 1 0
eduhub/server/internal/repository/mocks/StudentRepository.go:48.78,50.3 1 0
eduhub/server/internal/repository/mocks/StudentRepository.go:50.8,51.24 1 0
eduhub/server/internal/repository/mocks/StudentRepository.go:51.24,53.4 1 0
eduhub/server/internal/repository/mocks/StudentRepository.go:56.2,56.68 1 0
eduhub/server/internal/repository/mocks/StudentRepository.go:56.68,58.3 1 0
eduhub/server/internal/repository/mocks/StudentRepository.go:58.8,60.3 1 0
eduhub/server/internal/repository/mocks/StudentRepository.go:62.2,62.15 1 0
eduhub/server/internal/repository/mocks/StudentRepository.go:66.86,69.19 2 0
eduhub/server/internal/repository/mocks/StudentRepository.go:69.19,70.55 1 0
eduhub/server/internal/repository/mocks/StudentRepository.go:73.2,74.68 2 0
eduhub/server/internal/repository/mocks/StudentRepository.go:74.68,76.3 1 0
eduhub/server/internal/repository/mocks/StudentRepository.go:76.8,78.3 1 0
eduhub/server/internal/repository/mocks/StudentRepository.go:80.2,80.11 1 0
eduhub/server/internal/repository/mocks/StudentRepository.go:84.121,87.19 2 0
eduhub/server/internal/repository/mocks/StudentRepository.go:87.19,88.56 1 0
eduhub/server/internal/repository/mocks/StudentRepository.go:91.2,93.89 3 0
eduhub/server/internal/repository/mocks/StudentRepository.go:93.89,95.3 1 0
eduhub/server/internal/repository/mocks/StudentRepository.go:96.2,96.80 1 0
eduhub/server/internal/repository/mocks/StudentRepository.go:96.80,98.3 1 0
eduhub/server/internal/repository/mocks/StudentRepository.go:98.8,99.24 1 0
eduhub/server/internal/repository/mocks/StudentRepository.go:99.24,101.4 1 0
eduhub/server/internal/repository/mocks/StudentRepository.go:104.2,104.70 1 0
eduhub/server/internal/repository/mocks/StudentRepository.go:104.70,106.3 1 0
eduhub/server/internal/repository/mocks/StudentRepository.go:106.8,108.3 1 0
eduhub/server/internal/repository/mocks/StudentRepository.go:110.2,110.15 1 0
eduhub/server/internal/repository/mocks/StudentRepository.go:114.110,117.19 2 0
eduhub/server/internal/repository/mocks/StudentRepository.go:117.19,118.60 1 0
eduhub/server/internal/repository/mocks/StudentRepository.go:121.2,123.87 3 0
eduhub/server/internal/repository/mocks/StudentRepository.go:123.87,125.3 1 0
eduhub/server/internal/repository/mocks/StudentRepository.go:126.2,126.78 1 0
eduhub/server/internal/repository/mocks/StudentRepository.go:126.78,128.3 1 0
eduhub/server/internal/repository/mocks/StudentRepository.go:128.8,129.24 1 0
eduhub/server/internal/repository/mocks/StudentRepository.go:129.24,131.4 1 0
eduhub/server/internal/repository/mocks/StudentRepository.go:134.2,134.68 1 0
eduhub/server/internal/repository/mocks/StudentRepository.go:134.68,136.3 1 0
eduhub/server/internal/repository/mocks/StudentRepository.go:136.8,138.3 1 0
eduhub/server/internal/repository/mocks/StudentRepository.go:140.2,140.15 1 0
eduhub/server/internal/repository/mocks/StudentRepository.go:144.88,147.19 2 0
eduhub/server/internal/repository/mocks/StudentRepository.go:147.19,148.57 1 0
eduhub/server/internal/repository/mocks/StudentRepository.go:151.2,152.68 2 0
eduhub/server/internal/repository/mocks/StudentRepository.go:152.68,154.3 1 0
eduhub/server/internal/repository/mocks/StudentRepository.go:154.8,156.3 1 0
eduhub/server/internal/repository/mocks/StudentRepository.go:158.2,158.11 1 0
eduhub/server/internal/repository/mocks/StudentRepository.go:162.94,165.19 2 0
eduhub/server/internal/repository/mocks/StudentRepository.go:165.19,166.55 1 0
eduhub/server/internal/repository/mocks/StudentRepository.go:169.2,170.77 2 0
eduhub/server/internal/repository/mocks/StudentRepository.go:170.77,172.3 1 0
eduhub/server/internal/repository/mocks/StudentRepository.go:172.8,174.3 1 0
eduhub/server/internal/repository/mocks/StudentRepository.go:176.2,176.11 1 0
eduhub/server/internal/repository/mocks/StudentRepository.go:184.23,188.19 3 0
eduhub/server/internal/repository/mocks/StudentRepository.go:188.19,188.49 1 0
eduhub/server/internal/repository/mocks/StudentRepository.go:190.2,190.13 1 0
eduhub/server/internal/repository/mocks/UserRepository.go:18.84,21.19 2 0
eduhub/server/internal/repository/mocks/UserRepository.go:21.19,22.52 1 0
eduhub/server/internal/repository/mocks/UserRepository.go:25.2,26.74 2 0
eduhub/server/internal/repository/mocks/UserRepository.go:26.74,28.3 1 0
eduhub/server/internal/repository/mocks/UserRepository.go:28.8,30.3 1 0
eduhub/server/internal/repository/mocks/UserRepository.go:32.2,32.11 1 0
eduhub/server/internal/repository/mocks/UserRepository.go:36.80,39.19 2 0
eduhub/server/internal/repository/mocks/UserRepository.go:39.19,40.52 1 0
eduhub/server/internal/repository/mocks/UserRepository.go:43.2,44.68 2 0
eduhub/server/internal/repository/mocks/UserRepository.go:44.68,46.3 1 0
eduhub/server/internal/repository/mocks/UserRepository.go:46.8,48.3 1 0
eduhub/server/internal/repository/mocks/UserRepository.go:50.2,50.11 1 0
eduhub/server/internal/repository/mocks/UserRepository.go:54.80,57.19 2 0
eduhub/server/internal/repository/mocks/UserRepository.go:57.19,58.52 1 0
eduhub/server/internal/repository/mocks/UserRepository.go:61.2,62.68 2 0
eduhub/server/internal/repository/mocks/UserRepository.go:62.68,64.3 1 0
eduhub/server/internal/repository/mocks/UserRepository.go:64.8,66.3 1 0
eduhub/server/internal/repository/mocks/UserRepository.go:68.2,68.11 1 0
eduhub/server/internal/repository/mocks/UserRepository.go:72.84,75.19 2 0
eduhub/server/internal/repository/mocks/UserRepository.go:75.19,76.52 1 0
eduhub/server/internal/repository/mocks/UserRepository.go:79.2,80.74 2 0
eduhub/server/internal/repository/mocks/UserRepository.go:80.74,82.3 1 0
eduhub/server/internal/repository/mocks/UserRepository.go:82.8,84.3 1 0
eduhub/server/internal/repository/mocks/UserRepository.go:86.2,86.11 1 0
eduhub/server/internal/repository/mocks/UserRepository.go:94.20,98.19 3 0
eduhub/server/internal/repository/mocks/UserRepository.go:98.19,98.49 1 0
eduhub/server/internal/repository/mocks/UserRepository.go:100.2,100.13 1 0
eduhub/server/internal/services/student/student_service.go:27.169,33.2 1 0
eduhub/server/internal/services/student/student_service.go:35.92,37.2 1 0
eduhub/server/internal/services/student/student_service.go:39.104,42.2 2 0
eduhub/server/internal/services/student/student_service.go:44.106,47.2 2 0
eduhub/server/internal/services/student/student_service.go:49.113,52.2 2 0
eduhub/server/internal/services/student/student_service.go:54.90,56.2 1 0
eduhub/server/internal/services/student/student_service.go:58.82,60.2 1 0
eduhub/server/internal/services/student/student_service.go:62.84,64.2 1 0
eduhub/server/internal/services/student/student_service.go:66.121,68.2 1 0
eduhub/server/internal/services/auth/assignment_helper.go:13.46,17.2 1 0
eduhub/server/internal/services/auth/assignment_helper.go:19.91,21.37 2 0
eduhub/server/internal/services/auth/assignment_helper.go:21.37,22.94 1 0
eduhub/server/internal/services/auth/assignment_helper.go:22.94,25.4 2 0
eduhub/server/internal/services/auth/assignment_helper.go:27.2,27.8 1 0
eduhub/server/internal/services/auth/assignment_helper.go:30.91,32.37 2 0
eduhub/server/internal/services/auth/assignment_helper.go:32.37,33.94 1 0
eduhub/server/internal/services/auth/assignment_helper.go:33.94,35.4 1 0
eduhub/server/internal/services/auth/assignment_helper.go:39.93,41.37 2 0
eduhub/server/internal/services/auth/assignment_helper.go:41.37,42.101 1 0
eduhub/server/internal/services/auth/assignment_helper.go:42.101,44.4 1 0
eduhub/server/internal/services/auth/assignment_helper.go:46.2,46.8 1 0
eduhub/server/internal/services/auth/assignment_helper.go:49.122,50.41 1 0
eduhub/server/internal/services/auth/assignment_helper.go:50.41,51.97 1 0
eduhub/server/internal/services/auth/assignment_helper.go:51.97,53.4 1 0
eduhub/server/internal/services/auth/assignment_helper.go:55.2,55.12 1 0
eduhub/server/internal/services/auth/assignment_helper.go:59.117,61.14 2 0
eduhub/server/internal/services/auth/assignment_helper.go:62.17,63.56 1 0
eduhub/server/internal/services/auth/assignment_helper.go:64.17,65.48 1 0
eduhub/server/internal/services/auth/assignment_helper.go:66.10,67.57 1 0
eduhub/server/internal/services/auth/assignment_helper.go:70.2,70.41 1 0
eduhub/server/internal/services/auth/assignment_helper.go:70.41,71.101 1 0
eduhub/server/internal/services/auth/assignment_helper.go:71.101,73.4 1 0
eduhub/server/internal/services/auth/assignment_helper.go:75.2,75.12 1 0
eduhub/server/internal/services/auth/assignment_helper.go:79.126,81.17 2 0
eduhub/server/internal/services/auth/assignment_helper.go:81.17,83.3 1 0
eduhub/server/internal/services/auth/assignment_helper.go:85.2,85.104 1 0
eduhub/server/internal/services/auth/assignment_helper.go:85.104,87.3 1 0
eduhub/server/internal/services/auth/assignment_helper.go:88.2,88.12 1 0
eduhub/server/internal/services/auth/auth_service.go:26.75,31.2 1 0
eduhub/server/internal/services/auth/auth_service.go:33.93,35.2 1 0
eduhub/server/internal/services/auth/auth_service.go:37.124,39.2 1 0
eduhub/server/internal/services/auth/auth_service.go:41.100,43.2 1 0
eduhub/server/internal/services/auth/auth_service.go:45.85,47.2 1 0
eduhub/server/internal/services/auth/auth_service.go:49.69,51.2 1 0
eduhub/server/internal/services/auth/auth_service.go:53.128,55.2 1 0
eduhub/server/internal/services/auth/auth_service.go:57.93,59.2 1 0
eduhub/server/internal/services/auth/auth_service.go:61.93,63.2 1 0
eduhub/server/internal/services/auth/auth_service.go:65.101,67.2 1 0
eduhub/server/internal/services/auth/auth_service.go:69.104,71.2 1 0
eduhub/server/internal/services/auth/auth_service.go:73.45,75.2 1 0
eduhub/server/internal/services/auth/keto_service.go:28.36,34.2 1 0
eduhub/server/internal/services/auth/keto_service.go:36.119,46.16 4 0
eduhub/server/internal/services/auth/keto_service.go:46.16,48.3 1 0
eduhub/server/internal/services/auth/keto_service.go:50.2,51.32 2 0
eduhub/server/internal/services/auth/keto_service.go:51.32,53.3 1 0
eduhub/server/internal/services/auth/keto_service.go:54.2,57.16 3 0
eduhub/server/internal/services/auth/keto_service.go:57.16,59.3 1 0
eduhub/server/internal/services/auth/keto_service.go:60.2,65.67 3 0
eduhub/server/internal/services/auth/keto_service.go:65.67,67.3 1 0
eduhub/server/internal/services/auth/keto_service.go:69.2,69.28 1 0
eduhub/server/internal/services/auth/keto_service.go:72.110,82.16 4 0
eduhub/server/internal/services/auth/keto_service.go:82.16,84.3 1 0
eduhub/server/internal/services/auth/keto_service.go:86.2,87.16 2 0
eduhub/server/internal/services/auth/keto_service.go:87.16,89.3 1 0
eduhub/server/internal/services/auth/keto_service.go:90.2,93.16 3 0
eduhub/server/internal/services/auth/keto_service.go:93.16,95.3 1 0
eduhub/server/internal/services/auth/keto_service.go:96.2,98.43 2 0
eduhub/server/internal/services/auth/keto_service.go:98.43,100.3 1 0
eduhub/server/internal/services/auth/keto_service.go:102.2,102.12 1 0
eduhub/server/internal/services/auth/keto_service.go:105.110,115.16 4 0
eduhub/server/internal/services/auth/keto_service.go:115.16,117.3 1 0
eduhub/server/internal/services/auth/keto_service.go:119.2,120.32 2 0
eduhub/server/internal/services/auth/keto_service.go:120.32,122.3 1 0
eduhub/server/internal/services/auth/keto_service.go:123.2,126.16 3 0
eduhub/server/internal/services/auth/keto_service.go:126.16,128.3 1 0
eduhub/server/internal/services/auth/keto_service.go:129.2,131.45 2 0
eduhub/server/internal/services/auth/keto_service.go:131.45,133.3 1 0
eduhub/server/internal/services/auth/keto_service.go:135.2,135.12 1 0
eduhub/server/internal/services/auth/kratos_service.go:58.40,64.2 1 0
eduhub/server/internal/services/auth/kratos_service.go:67.103,70.16 3 0
eduhub/server/internal/services/auth/kratos_service.go:70.16,72.3 1 0
eduhub/server/internal/services/auth/kratos_service.go:74.2,75.16 2 0
eduhub/server/internal/services/auth/kratos_service.go:75.16,77.3 1 0
eduhub/server/internal/services/auth/kratos_service.go:78.2,81.67 3 0
eduhub/server/internal/services/auth/kratos_service.go:81.67,83.3 1 0
eduhub/server/internal/services/auth/kratos_service.go:85.2,85.20 1 0
eduhub/server/internal/services/auth/kratos_service.go:89.129,91.16 2 0
eduhub/server/internal/services/auth/kratos_service.go:91.16,93.3 1 0
eduhub/server/internal/services/auth/kratos_service.go:95.2,97.16 3 0
eduhub/server/internal/services/auth/kratos_service.go:97.16,99.3 1 0
eduhub/server/internal/services/auth/kratos_service.go:100.2,103.16 3 0
eduhub/server/internal/services/auth/kratos_service.go:103.16,105.3 1 0
eduhub/server/internal/services/auth/kratos_service.go:106.2,109.69 3 0
eduhub/server/internal/services/auth/kratos_service.go:109.69,111.3 1 0
eduhub/server/internal/services/auth/kratos_service.go:113.2,113.23 1 0
eduhub/server/internal/services/auth/kratos_service.go:117.102,120.16 3 0
eduhub/server/internal/services/auth/kratos_service.go:120.16,122.3 1 0
eduhub/server/internal/services/auth/kratos_service.go:123.2,126.16 3 0
eduhub/server/internal/services/auth/kratos_service.go:126.16,128.3 1 0
eduhub/server/internal/services/auth/kratos_service.go:129.2,131.38 2 0
eduhub/server/internal/services/auth/kratos_service.go:131.38,133.3 1 0
eduhub/server/internal/services/auth/kratos_service.go:135.2,138.67 2 0
eduhub/server/internal/services/auth/kratos_service.go:138.67,140.3 1 0
eduhub/server/internal/services/auth/kratos_service.go:142.2,142.30 1 0
eduhub/server/internal/services/auth/kratos_service.go:146.87,148.2 1 0
eduhub/server/internal/services/auth/kratos_service.go:151.71,153.2 1 0
eduhub/server/internal/services/auth/kratos_service.go:156.47,158.2 1 0
eduhub/server/internal/services/auth/permission_helper.go:9.62,11.2 1 0
eduhub/server/internal/services/auth/permission_helper.go:14.103,16.2 1 0
eduhub/server/internal/services/auth/permission_helper.go:18.106,20.2 1 0
eduhub/server/internal/services/auth/permission_helper.go:23.112,25.2 1 0
eduhub/server/internal/services/auth/permission_helper.go:28.116,30.2 1 0
eduhub/server/internal/services/auth/validators.go:43.69,45.13 2 0
eduhub/server/internal/services/auth/validators.go:45.13,47.3 1 0
eduhub/server/internal/services/auth/validators.go:49.2,49.26 1 0
eduhub/server/internal/services/auth/validators.go:49.26,51.3 1 0
eduhub/server/internal/services/auth/validators.go:53.2,53.12 1 0
eduhub/server/logger/logger.go:9.28,14.2 2 0
eduhub/server/logger/logger.go:16.61,18.2 1 0
eduhub/server/logger/logger.go:20.62,22.2 1 0
eduhub/server/logger/logger.go:24.55,26.31 2 0
eduhub/server/logger/logger.go:26.31,27.37 1 0
eduhub/server/logger/logger.go:27.37,29.4 1 0
eduhub/server/logger/logger.go:31.2,31.18 1 0
eduhub/server/internal/repository/attendance_repository.go:44.59,48.2 1 12
eduhub/server/internal/repository/attendance_repository.go:54.33,77.16 4 2
eduhub/server/internal/repository/attendance_repository.go:77.16,80.3 1 0
eduhub/server/internal/repository/attendance_repository.go:84.2,87.16 3 2
eduhub/server/internal/repository/attendance_repository.go:87.16,91.3 1 1
eduhub/server/internal/repository/attendance_repository.go:94.2,94.25 1 1
eduhub/server/internal/repository/attendance_repository.go:97.137,130.16 5 2
eduhub/server/internal/repository/attendance_repository.go:130.16,132.3 1 0
eduhub/server/internal/repository/attendance_repository.go:135.2,136.16 2 2
eduhub/server/internal/repository/attendance_repository.go:136.16,138.3 1 1
eduhub/server/internal/repository/attendance_repository.go:143.2,143.43 1 1
eduhub/server/internal/repository/attendance_repository.go:146.150,155.16 3 2
eduhub/server/internal/repository/attendance_repository.go:155.16,157.3 1 0
eduhub/server/internal/repository/attendance_repository.go:158.2,159.16 2 2
eduhub/server/internal/repository/attendance_repository.go:159.16,161.3 1 0
eduhub/server/internal/repository/attendance_repository.go:162.2,162.36 1 2
eduhub/server/internal/repository/attendance_repository.go:162.36,164.3 1 1
eduhub/server/internal/repository/attendance_repository.go:165.2,165.12 1 1
eduhub/server/internal/repository/attendance_repository.go:168.156,183.16 4 1
eduhub/server/internal/repository/attendance_repository.go:183.16,185.3 1 0
eduhub/server/internal/repository/attendance_repository.go:186.2,187.19 2 1
eduhub/server/internal/repository/attendance_repository.go:187.19,190.3 1 0
eduhub/server/internal/repository/attendance_repository.go:191.2,191.25 1 1
eduhub/server/internal/repository/attendance_repository.go:194.134,208.16 3 1
eduhub/server/internal/repository/attendance_repository.go:208.16,210.3 1 0
eduhub/server/internal/repository/attendance_repository.go:212.2,216.16 3 1
eduhub/server/internal/repository/attendance_repository.go:216.16,218.3 1 0
eduhub/server/internal/repository/attendance_repository.go:220.2,220.25 1 1
eduhub/server/internal/repository/attendance_repository.go:224.150,239.16 3 1
eduhub/server/internal/repository/attendance_repository.go:239.16,241.3 1 0
eduhub/server/internal/repository/attendance_repository.go:243.2,247.16 3 1
eduhub/server/internal/repository/attendance_repository.go:247.16,249.3 1 0
eduhub/server/internal/repository/attendance_repository.go:251.2,251.25 1 1
eduhub/server/internal/repository/attendance_repository.go:256.106,269.16 3 3
eduhub/server/internal/repository/attendance_repository.go:269.16,271.3 1 0
eduhub/server/internal/repository/attendance_repository.go:274.2,275.16 2 3
eduhub/server/internal/repository/attendance_repository.go:275.16,277.3 1 1
eduhub/server/internal/repository/attendance_repository.go:281.2,281.36 1 2
eduhub/server/internal/repository/attendance_repository.go:281.36,283.3 1 1
eduhub/server/internal/repository/attendance_repository.go:284.2,284.12 1 1
eduhub/server/internal/repository/course_repository.go:23.51,27.2 1 0
eduhub/server/internal/repository/course_repository.go:29.91,37.16 3 0
eduhub/server/internal/repository/course_repository.go:37.16,39.3 1 0
eduhub/server/internal/repository/course_repository.go:41.2,42.16 2 0
eduhub/server/internal/repository/course_repository.go:42.16,44.3 1 0
eduhub/server/internal/repository/course_repository.go:45.2,45.12 1 0
eduhub/server/internal/repository/course_repository.go:48.102,57.16 3 0
eduhub/server/internal/repository/course_repository.go:57.16,59.3 1 0
eduhub/server/internal/repository/course_repository.go:62.2,66.16 3 0
eduhub/server/internal/repository/course_repository.go:66.16,68.27 1 0
eduhub/server/internal/repository/course_repository.go:68.27,70.4 1 0
eduhub/server/internal/repository/course_repository.go:71.3,71.59 1 0
eduhub/server/internal/repository/course_repository.go:74.2,74.20 1 0
eduhub/server/internal/repository/db.go:66.36,76.2 1 0
eduhub/server/internal/repository/db.go:79.23,80.20 1 0
eduhub/server/internal/repository/db.go:80.20,82.3 1 0
eduhub/server/internal/repository/enrollment_repository.go:32.59,36.2 1 0
eduhub/server/internal/repository/enrollment_repository.go:41.107,44.35 2 0
eduhub/server/internal/repository/enrollment_repository.go:44.35,46.3 1 0
eduhub/server/internal/repository/enrollment_repository.go:47.2,47.35 1 0
eduhub/server/internal/repository/enrollment_repository.go:47.35,49.3 1 0
eduhub/server/internal/repository/enrollment_repository.go:52.2,76.16 3 0
eduhub/server/internal/repository/enrollment_repository.go:76.16,78.3 1 0
eduhub/server/internal/repository/enrollment_repository.go:81.2,82.16 2 0
eduhub/server/internal/repository/enrollment_repository.go:82.16,84.3 1 0
eduhub/server/internal/repository/enrollment_repository.go:86.2,86.12 1 0
eduhub/server/internal/repository/enrollment_repository.go:90.129,101.16 3 0
eduhub/server/internal/repository/enrollment_repository.go:101.16,103.3 1 0
eduhub/server/internal/repository/enrollment_repository.go:105.2,109.16 3 0
eduhub/server/internal/repository/enrollment_repository.go:109.16,110.27 1 0
eduhub/server/internal/repository/enrollment_repository.go:110.27,113.4 1 0
eduhub/server/internal/repository/enrollment_repository.go:115.3,115.82 1 0
eduhub/server/internal/repository/enrollment_repository.go:119.2,119.18 1 0
eduhub/server/internal/repository/enrollment_repository.go:122.107,132.16 3 0
eduhub/server/internal/repository/enrollment_repository.go:132.16,134.3 1 0
eduhub/server/internal/repository/enrollment_repository.go:136.2,140.16 3 0
eduhub/server/internal/repository/enrollment_repository.go:140.16,141.27 1 0
eduhub/server/internal/repository/enrollment_repository.go:141.27,144.4 1 0
eduhub/server/internal/repository/enrollment_repository.go:146.3,146.88 1 0
eduhub/server/internal/repository/enrollment_repository.go:149.2,149.24 1 0
eduhub/server/internal/repository/enrollment_repository.go:153.138,167.16 3 0
eduhub/server/internal/repository/enrollment_repository.go:167.16,169.3 1 0
eduhub/server/internal/repository/enrollment_repository.go:171.2,175.16 3 0
eduhub/server/internal/repository/enrollment_repository.go:175.16,179.3 1 0
eduhub/server/internal/repository/enrollment_repository.go:181.2,181.25 1 0
eduhub/server/internal/repository/enrollment_repository.go:185.105,196.16 4 0
eduhub/server/internal/repository/enrollment_repository.go:196.16,198.3 1 0
eduhub/server/internal/repository/enrollment_repository.go:201.2,202.16 2 0
eduhub/server/internal/repository/enrollment_repository.go:202.16,204.3 1 0
eduhub/server/internal/repository/enrollment_repository.go:207.2,207.36 1 0
eduhub/server/internal/repository/enrollment_repository.go:207.36,210.3 1 0
eduhub/server/internal/repository/enrollment_repository.go:212.2,212.12 1 0
eduhub/server/internal/repository/repository.go:12.40,24.2 5 0
eduhub/server/internal/repository/student_repository.go:42.53,46.2 1 0
eduhub/server/internal/repository/student_repository.go:51.95,54.32 2 0
eduhub/server/internal/repository/student_repository.go:54.32,56.3 1 0
eduhub/server/internal/repository/student_repository.go:57.2,57.32 1 0
eduhub/server/internal/repository/student_repository.go:57.32,59.3 1 0
eduhub/server/internal/repository/student_repository.go:62.2,87.16 3 0
eduhub/server/internal/repository/student_repository.go:87.16,89.3 1 0
eduhub/server/internal/repository/student_repository.go:92.2,93.16 2 0
eduhub/server/internal/repository/student_repository.go:93.16,95.3 1 0
eduhub/server/internal/repository/student_repository.go:97.2,97.12 1 0
eduhub/server/internal/repository/student_repository.go:101.109,111.16 3 0
eduhub/server/internal/repository/student_repository.go:111.16,113.3 1 0
eduhub/server/internal/repository/student_repository.go:115.2,119.16 3 0
eduhub/server/internal/repository/student_repository.go:119.16,120.27 1 0
eduhub/server/internal/repository/student_repository.go:120.27,123.4 1 0
eduhub/server/internal/repository/student_repository.go:125.3,125.89 1 0
eduhub/server/internal/repository/student_repository.go:128.2,128.21 1 0
eduhub/server/internal/repository/student_repository.go:132.120,142.16 3 0
eduhub/server/internal/repository/student_repository.go:142.16,144.3 1 0
eduhub/server/internal/repository/student_repository.go:146.2,150.16 3 0
eduhub/server/internal/repository/student_repository.go:150.16,151.27 1 0
eduhub/server/internal/repository/student_repository.go:151.27,154.4 1 0
eduhub/server/internal/repository/student_repository.go:156.3,156.85 1 0
eduhub/server/internal/repository/student_repository.go:159.2,159.21 1 0
eduhub/server/internal/repository/student_repository.go:163.93,180.16 4 0
eduhub/server/internal/repository/student_repository.go:180.16,182.3 1 0
eduhub/server/internal/repository/student_repository.go:185.2,186.16 2 0
eduhub/server/internal/repository/student_repository.go:186.16,188.3 1 0
eduhub/server/internal/repository/student_repository.go:191.2,191.36 1 0
eduhub/server/internal/repository/student_repository.go:191.36,194.3 1 0
eduhub/server/internal/repository/student_repository.go:196.2,196.12 1 0
eduhub/server/internal/repository/student_repository.go:200.85,209.16 4 0
eduhub/server/internal/repository/student_repository.go:209.16,211.3 1 0
eduhub/server/internal/repository/student_repository.go:214.2,215.16 2 0
eduhub/server/internal/repository/student_repository.go:215.16,217.3 1 0
eduhub/server/internal/repository/student_repository.go:220.2,220.36 1 0
eduhub/server/internal/repository/student_repository.go:220.37,224.3 0 0
eduhub/server/internal/repository/student_repository.go:226.2,226.12 1 0
eduhub/server/internal/repository/student_repository.go:230.87,239.16 4 0
eduhub/server/internal/repository/student_repository.go:239.16,241.3 1 0
eduhub/server/internal/repository/student_repository.go:244.2,245.16 2 0
eduhub/server/internal/repository/student_repository.go:245.16,247.3 1 0
eduhub/server/internal/repository/student_repository.go:250.2,250.36 1 0
eduhub/server/internal/repository/student_repository.go:250.37,252.3 0 0
eduhub/server/internal/repository/student_repository.go:254.2,254.12 1 0
eduhub/server/internal/repository/student_repository.go:258.107,268.16 3 0
eduhub/server/internal/repository/student_repository.go:268.16,270.3 1 0
eduhub/server/internal/repository/student_repository.go:272.2,276.16 3 0
eduhub/server/internal/repository/student_repository.go:276.16,277.27 1 0
eduhub/server/internal/repository/student_repository.go:277.27,280.4 1 0
eduhub/server/internal/repository/student_repository.go:282.3,282.85 1 0
eduhub/server/internal/repository/student_repository.go:285.2,285.21 1 0
eduhub/server/internal/repository/user_repository.go:53.47,57.2 1 9
eduhub/server/internal/repository/user_repository.go:62.83,65.29 2 2
eduhub/server/internal/repository/user_repository.go:65.29,67.3 1 2
eduhub/server/internal/repository/user_repository.go:68.2,68.29 1 2
eduhub/server/internal/repository/user_repository.go:68.29,70.3 1 2
eduhub/server/internal/repository/user_repository.go:73.2,96.16 3 2
eduhub/server/internal/repository/user_repository.go:96.16,98.3 1 0
eduhub/server/internal/repository/user_repository.go:101.2,102.16 2 2
eduhub/server/internal/repository/user_repository.go:102.16,104.3 1 1
eduhub/server/internal/repository/user_repository.go:106.2,106.12 1 1
eduhub/server/internal/repository/user_repository.go:110.84,126.16 4 2
eduhub/server/internal/repository/user_repository.go:126.16,128.3 1 0
eduhub/server/internal/repository/user_repository.go:131.2,132.16 2 2
eduhub/server/internal/repository/user_repository.go:132.16,134.3 1 0
eduhub/server/internal/repository/user_repository.go:137.2,137.36 1 2
eduhub/server/internal/repository/user_repository.go:137.36,140.3 1 1
eduhub/server/internal/repository/user_repository.go:142.2,142.12 1 1
eduhub/server/internal/repository/user_repository.go:147.80,156.16 4 2
eduhub/server/internal/repository/user_repository.go:156.16,158.3 1 0
eduhub/server/internal/repository/user_repository.go:161.2,162.16 2 2
eduhub/server/internal/repository/user_repository.go:162.16,164.3 1 0
eduhub/server/internal/repository/user_repository.go:169.2,169.36 1 2
eduhub/server/internal/repository/user_repository.go:169.36,171.3 1 1
eduhub/server/internal/repository/user_repository.go:173.2,173.12 1 1
eduhub/server/internal/repository/user_repository.go:178.80,184.16 3 3
eduhub/server/internal/repository/user_repository.go:184.16,186.3 1 0
eduhub/server/internal/repository/user_repository.go:189.2,190.16 2 3
eduhub/server/internal/repository/user_repository.go:190.16,192.3 1 1
eduhub/server/internal/repository/user_repository.go:195.2,195.36 1 2
eduhub/server/internal/repository/user_repository.go:195.36,198.3 1 1
eduhub/server/internal/repository/user_repository.go:200.2,200.12 1 1
eduhub/server/internal/services/attendance/attendance_service.go:37.173,43.2 1 2
eduhub/server/internal/services/attendance/attendance_service.go:45.147,47.2 1 1
eduhub/server/internal/services/attendance/attendance_service.go:50.131,52.2 1 1
eduhub/server/internal/services/attendance/attendance_service.go:54.133,56.2 1 0
eduhub/server/internal/services/attendance/attendance_service.go:58.156,60.2 1 0
eduhub/server/internal/services/attendance/attendance_service.go:62.130,64.9 2 0
eduhub/server/internal/services/attendance/attendance_service.go:64.9,66.3 1 0
eduhub/server/internal/services/attendance/attendance_service.go:67.2,67.16 1 0
eduhub/server/internal/services/attendance/attendance_service.go:67.16,69.3 1 0
eduhub/server/internal/services/attendance/attendance_service.go:72.2,73.16 2 0
eduhub/server/internal/services/attendance/attendance_service.go:73.16,75.3 1 0
eduhub/server/internal/services/attendance/attendance_service.go:77.2,77.16 1 0
eduhub/server/internal/services/attendance/attendance_service.go:80.140,82.16 2 0
eduhub/server/internal/services/attendance/attendance_service.go:82.16,84.3 1 0
eduhub/server/internal/services/attendance/attendance_service.go:85.2,85.23 1 0
eduhub/server/internal/services/attendance/attendance_service.go:85.23,87.3 1 0
eduhub/server/internal/services/attendance/attendance_service.go:88.2,88.36 1 0
eduhub/server/internal/services/attendance/attendance_service.go:88.36,90.3 1 0
eduhub/server/internal/services/attendance/attendance_service.go:92.2,93.20 2 0
eduhub/server/internal/services/attendance/attendance_service.go:96.136,98.16 2 0
eduhub/server/internal/services/attendance/attendance_service.go:98.16,100.3 1 0
eduhub/server/internal/services/attendance/attendance_service.go:101.2,102.16 2 0
eduhub/server/internal/services/attendance/attendance_service.go:102.16,104.3 1 0
eduhub/server/internal/services/attendance/attendance_service.go:105.2,105.12 1 0
eduhub/server/internal/services/attendance/attendance_service.go:108.173,109.23 1 0
eduhub/server/internal/services/attendance/attendance_service.go:110.15,111.25 1 0
eduhub/server/internal/services/attendance/attendance_service.go:113.14,114.26 1 0
eduhub/server/internal/services/attendance/attendance_service.go:117.2,118.16 2 0
eduhub/server/internal/services/attendance/attendance_service.go:118.16,120.3 1 0
eduhub/server/internal/services/attendance/attendance_service.go:121.2,121.18 1 0
eduhub/server/internal/services/attendance/attendance_service.go:124.107,126.16 2 0
eduhub/server/internal/services/attendance/attendance_service.go:126.16,128.3 1 0
eduhub/server/internal/services/attendance/attendance_service.go:129.2,129.18 1 0
eduhub/server/internal/services/attendance/attendance_service.go:132.100,135.2 2 0
eduhub/server/internal/services/attendance/attendance_service.go:137.102,140.2 2 0
eduhub/server/internal/services/attendance/qrscanner.go:24.125,38.16 5 0
eduhub/server/internal/services/attendance/qrscanner.go:38.16,40.3 1 0
eduhub/server/internal/services/attendance/qrscanner.go:41.2,42.16 2 0
eduhub/server/internal/services/attendance/qrscanner.go:42.16,44.3 1 0
eduhub/server/internal/services/attendance/qrscanner.go:45.2,46.22 2 0
eduhub/server/internal/services/attendance/qrscanner.go:50.122,52.71 2 0
eduhub/server/internal/services/attendance/qrscanner.go:52.71,54.3 1 0
eduhub/server/internal/services/attendance/qrscanner.go:56.2,57.13 2 0
eduhub/server/internal/services/attendance/qrscanner.go:57.13,59.3 1 0
eduhub/server/internal/services/attendance/qrscanner.go:60.2,60.16 1 0
eduhub/server/internal/services/attendance/qrscanner.go:60.16,62.3 1 0
eduhub/server/internal/services/attendance/qrscanner.go:63.2,63.12 1 0
